<?xml version="1.0" encoding="UTF-8"?>
<!-- Generated by org.testng.reporters.JUnitReportReporter -->
<testsuite hostname="Ramis-MacBook-Pro.local" failures="0" tests="1" name="scripts._04_GoogleTest" time="5.120" errors="0" timestamp="2022-05-29T15:40:43 CDT" skipped="0">
  <testcase classname="scripts._04_GoogleTest" name="testGoogleStoreLink" time="5.120"/>
  <system-out/>
</testsuite> <!-- scripts._04_GoogleTest -->
