<?xml version="1.0" encoding="UTF-8"?>
<!-- Generated by org.testng.reporters.JUnitReportReporter -->
<testsuite hostname="Ramis-MacBook-Pro.local" failures="0" tests="1" name="scripts._02_TechGlobalTest" time="2.038" errors="0" timestamp="2022-06-11T14:52:47 CDT" skipped="0">
  <testcase classname="scripts._02_TechGlobalTest" name="testApplicationFormHeading" time="2.038"/>
  <system-out/>
</testsuite> <!-- scripts._02_TechGlobalTest -->
