<?xml version="1.0" encoding="UTF-8"?>
<!-- Generated by org.testng.reporters.JUnitReportReporter -->
<testsuite hostname="Ramis-MacBook-Pro.local" failures="0" tests="2" name="scripts._01_AppleTest" time="2.677" errors="0" timestamp="2022-05-29T15:40:43 CDT" skipped="1">
  <testcase classname="scripts._01_AppleTest" name="testAppleURL" time="2.677"/>
  <system-out/>
  <testcase classname="scripts._01_AppleTest" name="X">
    <skipped/>
  </testcase> <!-- X -->
  <system-out/>
</testsuite> <!-- scripts._01_AppleTest -->
